16 6689 1784 2455 6475 3119 2653 7822 3846 4985 1572 7887 3800 5095 5595 840 9203
15 1066 6662 9965 5719 646 9963 8511 5389 9651 9233 1036 3350 1825 5432 5666
16 4094 8489 3773 9634 9678 2388 9859 3556 2955 682 2699 4462 6417 1301 1293 2813
15 519 2738 5214 4482 9751 629 7894 4772 3391 9825 7780 7827 3040 7215 5398
16 672 567 7638 3666 3721 7576 1810 3907 3052 96 2058 7170 5588 4197 2130 8374
16 3817 8189 5535 1792 8191 6279 3505 5411 7781 154 6328 9404 5877 5395 5449 6185
15 2519 696 7768 290 6101 7761 1504 5442 4382 6478 6671 5454 9771 1898 9599
15 3444 7864 3129 8856 6871 8263 2829 9722 3902 7976 5109 8714 5932 3378 2243
15 4618 3294 8892 9575 2776 1211 862 7148 5651 4036 6837 4670 4061 9637 2677
15 4855 7612 9267 3616 7901 1412 280 6824 3674 2584 5930 6890 9340 3172 6721
15 7475 1605 3317 4202 8273 1937 1193 8218 8343 5456 5574 3302 783 9095 7111
14 5335 4475 3910 483 9033 9156 4456 8545 4902 1839 9308 7681 8488 9048
15 5424 7287 128 4782 2105 3793 7045 3454 171 5614 3365 7159 3106 4267 4348
15 1335 6404 2118 2036 66 8164 1541 6678 333 5165 5774 7469 8320 5865 3945
15 6916 739 2401 5602 8642 461 9694 1924 6604 3960 8388 7324 2671 455 2326
15 5769 6913 9805 3915 378 4384 463 8688 77 9597 6787 6236 5407 2185 7731
15 2432 3236 6450 7442 7245 9028 2468 6609 9244 686 5078 9931 3627 8429 6919
15 7499 190 5636 4228 4880 2035 4085 5122 6396 9572 8474 4676 6986 4741 2770
15 6002 477 9255 7698 9262 1475 4667 9292 2204 7578 9365 4005 1312 392 5672
15 8175 1438 4084 8079 1631 7197 9968 9498 8763 5585 8466 8752 637 2090 5652
15 9888 3527 8573 6000 3124 2453 2607 4033 1519 7012 4581 5916 1698 6434 3417
16 9679 9406 2657 4107 6729 6476 7542 2498 8669 9688 8496 3695 7423 9793 3787 1038
15 2559 6794 9944 4869 6270 6188 4111 5527 9080 9009 4304 4504 9814 9387 5544
15 4894 2233 9806 1873 8882 8631 8799 8755 2851 3801 9099 3950 3310 298 7460
15 88 5213 9078 9164 9923 4356 6987 5180 3266 94 5938 8208 9067 7228 6470
15 5497 7711 8792 6567 5695 7466 1934 1275 2197 4334 2705 9243 5735 9940 4186
15 7463 4877 1869 6392 9546 633 2910 8307 6130 632 6577 9391 1982 4185 557
15 5934 3197 9559 3783 2585 7066 7305 9321 4647 7960 1917 9942 4808 5455 5538
15 677 3005 6951 9557 4786 8761 3425 6939 1567 2733 7185 3814 8910 5474 9916
15 2571 1384 3430 5351 85 7604 2246 6861 2789 4765 925 5871 8602 2136 8808
15 6263 7156 3541 7690 1352 1458 2622 3714 5625 9017 765 2472 5269 70 5415
15 1560 5808 4630 6739 2217 711 2241 6772 2017 8732 9310 5791 1213 9465 6113
15 7965 3579 7372 1601 2033 6081 3561 8470 6008 4187 6233 2962 7950 6533 4374
15 5300 1609 7648 9511 9375 6593 4244 543 2632 1707 62 1552 7026 7881 8217
15 2465 6329 9503 3199 5853 7515 8148 6728 999 8498 404 3744 5397 9977 9834
15 8477 8425 3068 2570 8597 1676 793 103 8567 8875 6957 6046 7814 7591 1929
15 9619 8736 3403 846 6512 9496 3231 8620 694 4082 3187 1374 8168 906 2658
15 5299 1372 1527 1272 9065 5045 5256 9114 6829 6906 9802 2723 9013 316 6210
15 3555 2589 3821 1963 9134 8686 8502 1029 7405 7855 6553 4509 4729 3858 8238
15 4742 8262 5025 5303 6639 3896 8826 1624 841 334 5177 2490 9775 1230 8638
15 5970 8029 720 2352 9972 3258 9592 5958 7582 1671 5488 68 9971 9454 3589
15 5235 5387 8786 3026 6272 4031 4014 3416 6469 6224 2148 8894 4795 8308 8480
15 4059 3655 248 830 6537 1595 7594 9351 4578 3684 2363 5961 5247 648 6613
15 9305 4583 8198 3191 7203 4270 7366 8140 6025 3582 3151 8756 5429 6323 3500
15 9799 8557 1054 2216 942 9809 5289 7077 547 8471 7105 5822 3971 8482 2182
15 2576 6123 5771 8868 1281 380 8491 5583 3832 2215 3306 6796 6007 3405 2271
15 6695 109 3947 1508 6886 649 4211 5208 6339 3244 5840 5784 2865 7702 9829
15 1097 817 9543 266 1441 691 8125 1402 8068 1673 9149 99 6273 6867 9970
16 4601 4984 3866 1723 9475 7643 2366 6047 6612 591 1268 6394 8144 3126 603 3035
15 4008 7028 41 8772 4541 4441 4566 1395 1291 6431 2918 7694 341 4095 9131
15 606 3596 1955 5347 7882 8800 4642 5268 1597 803 3153 4574 2458 4424 1547
15 4143 1228 8346 2967 2304 4247 7967 1031 5849 2267 5765 2446 1669 9241 1510
15 117 7114 1010 3420 4607 8486 3211 5715 8969 2367 1691 5131 2253 1823 1410
15 6115 1630 481 3270 7912 4278 4892 304 173 7155 7 429 4760 6881 9791
15 6783 5615 8309 2261 2771 2095 857 6366 9091 7238 2932 9719 1619 3543 4383
15 6663 2944 5721 1326 9537 2810 5684 2439 997 7486 9093 4596 4813 7303 9555
15 4346 7398 3092 4830 853 3657 7794 1337 877 471 5755 3084 131 8321 3664
15 2920 9935 5748 7787 9889 3981 7987 5249 7820 2555 7514 4391 3095 6266 2818
15 5885 4781 1995 8681 8973 843 6443 11 859 1618 8600 7481 7938 7896 2968
15 9393 5948 7631 1729 422 3434 3761 366 4218 6400 7332 9887 4305 1454 3931
15 700 3409 8338 4602 7663 3465 4981 4075 7653 9204 9857 2494 1648 322 3279
15 9847 7889 8382 3319 7477 4206 3075 8725 9086 1996 2066 7821 6998 796 2509
15 9514 3148 1142 1628 9842 8644 2938 740 7505 8197 9285 1172 204 3304 8087
15 5860 1492 4421 4297 3802 6902 5329 3251 449 6532 6524 5283 1120 3665 2276
15 9523 3575 6410 1201 8403 3648 9319 4340 8299 7272 8977 8180 5051 7537 5264
15 24 2641 6836 4020 8671 141 7167 5042 7531 1535 2387 4402 4399 1958 7649
15 6822 7993 8351 1460 159 147 1774 8748 5220 7571 2012 8132 6534 8863 8582
15 9003 6135 4848 6498 8030 7457 1096 1071 8779 2336 4999 7559 9323 4531 4338
15 1005 9347 2566 4137 704 2292 6253 6908 7189 5468 4306 3486 5065 8865 3032
15 2316 3540 7637 8989 7386 7715 9724 6415 6798 2462 75 2067 9967 5312 2609
15 6901 2942 6669 4396 7636 2969 8193 282 4804 6162 7199 4458 2210 1909 9484
15 6670 1406 3462 7883 7856 9566 1203 4851 3747 5611 829 4534 7603 5147 3749
15 375 3826 5757 9524 1324 9647 2086 924 5002 8896 2872 9426 2877 5047 8503
15 222 7180 7546 5668 2930 9284 2909 7132 4173 3881 738 3766 5460 1290 6260
15 920 2536 3188 1684 9242 4347 3474 9955 1857 3401 571 7590 314 749 4319
15 9707 9473 442 5816 8951 4636 6181 3150 9318 827 8712 8707 9446 3218 2529
15 5086 1323 9144 8575 5690 6630 3750 232 6948 8399 1244 9932 2914 757 5543
15 7040 4546 7465 7685 1762 8257 5188 5172 4464 7032 9161 7181 8205 6147 6518
15 3988 4428 7249 3840 2831 2290 4433 2959 9193 3342 5528 1185 5148 9439 1905
15 6277 4387 9045 4115 6896 2477 6642 6171 8842 6588 8305 2704 9294 4961 327
15 1543 8302 2539 3966 6643 5009 5301 7587 6854 9565 7841 2027 667 8612 3504
15 8310 5113 2904 8796 8804 7103 7389 8105 473 1828 1498 2188 5685 5647 5682
14 423 7471 9628 5779 4593 2906 4856 6629 619 8905 5321 4303 3522 8178
15 769 9402 2642 2250 5043 1391 1389 4290 6061 227 1730 9036 9427 635 7783
15 157 4260 8835 5627 4930 969 3127 5911 1116 1025 5206 9500 5242 2961 3679
15 2869 7129 2780 6703 8421 3675 6120 7237 6776 5789 3109 1437 844 9764 2586
15 1315 9090 1363 8085 4555 7263 3085 3316 1277 7982 1957 2588 7039 2152 6288
15 6466 6493 4502 6438 2661 6930 3007 5385 2631 4039 2778 4864 6598 6981 3637
15 3167 1512 730 3047 6580 8827 6921 6167 3628 1548 373 6872 9797 4311 5501
14 4377 3651 3354 9657 6280 5899 3295 1501 4452 4946 2050 289 7281 795
15 4525 6457 6338 3022 8259 523 7222 7645 3551 3452 8985 5515 5311 9937 7751
15 5440 6199 8157 6446 8742 8860 1051 5804 3841 4155 9991 8625 1658 431 4750
15 5716 1984 5507 1777 6648 949 2513 5083 3939 9188 7244 5560 8923 5854 8870
15 3103 8458 4624 8530 5409 9950 2383 6820 6734 7294 2347 654 8090 4683 4108
15 8962 4414 4980 2041 5375 6757 6134 3847 4454 3074 7858 7300 1043 2312 3880
15 9675 8024 1276 656 9035 1257 2397 8650 4265 1167 3769 7756 8683 9220 9227
15 7401 4706 3510 4705 2732 5526 2281 527 5909 4847 1099 6275 8729 9277 3586
15 8703 9649 1804 4657 8037 3843 4019 3123 3756 8531 8005 9898 4886 3656 9476
16 273 7116 409 9492 8876 6331 7998 8540 9727 4684 4719 8818 7283 5413 60 5973
15 9283 3640 8784 8128 7135 1415 7414 2341 6707 9488 7022 573 8183 5896 3975
15 541 6658 3779 2639 4205 9158 9106 9022 4903 4740 1916 2562 4041 1972 7766
16 713 8209 3396 506 6956 5835 4266 8074 2611 6429 5200 2743 308 3175 8552 7160
15 4309 4959 1524 4806 5287 5452 8225 7819 1920 2403 9973 6195 5077 8044 4157
16 3307 4208 3991 8059 5866 8018 8186 8544 6923 7439 7027 8880 2628 1161 8775 5848
15 3149 4885 1564 9743 1294 485 5040 7872 7944 9725 1032 3189 2764 9499 1019
15 4758 4693 3368 4666 2044 1480 2402 8169 104 1950 4037 8100 1379 818 9573
15 8518 7704 2198 2600 5082 7562 2082 8993 2560 2542 3456 7349 9467 5873 5408
15 9563 2079 150 381 1263 5861 9141 5582 6763 745 2427 7338 7669 3093 664
15 1664 5358 1223 3542 7479 7873 2234 338 1761 5568 858 4707 7412 12 7133
15 29 1773 1200 4291 2665 4834 8550 6970 4739 520 7470 1915 4324 758 3478
15 961 3196 1218 7382 8228 8585 8945 9213 3446 7961 5275 6440 2193 2286 7404
15 4307 2357 419 8682 9276 2558 5163 8591 7313 7175 9115 8423 2170 4446 4592
15 2020 1593 6202 9345 1152 1220 2901 4272 1932 1856 416 2878 7427 6258 1139
15 1305 7320 8224 2077 4966 7697 6036 9029 5271 4513 1538 8908 4116 9818 1318
15 2735 699 975 9620 1250 5356 9734 2213 4000 8478 2328 681 5926 9025 638
15 6961 842 6711 2916 9165 5033 1016 3139 5739 1155 960 6209 1726 1718 5586
15 1833 2166 482 8747 2160 8075 586 9056 4710 1370 4598 5740 913 790 616
15 2720 5743 3263 1465 177 1179 3597 517 6149 3713 1577 1279 9168 3447 626
15 4090 6110 8040 6563 1215 118 7120 7021 5722 5905 9551 5869 3422 3856 8535
15 3580 3208 7602 7434 1968 1912 9324 6436 6777 5270 3764 3248 1425 4909 8221
16 2135 1013 135 2442 1331 254 1531 1368 2231 6530 2222 9343 3727 9936 2329 9472
15 1867 5818 9696 5012 1509 9612 3070 1283 8920 3823 5726 101 8454 2449 5723
15 9325 7198 8434 9190 4403 8645 4916 8621 4619 4579 6599 3876 2318 6246 8613
15 4058 5875 6255 32 7278 7569 4550 3065 2062 3376 2800 8409 8507 7565 2659
16 3855 3951 7236 8034 7276 97 9624 5061 3511 3955 6835 2716 1712 1683 2604 2410
14 1353 5491 493 4028 6893 6098 4104 8872 534 4100 4253 2080 662 2172
15 4842 9128 8440 5234 4958 934 7381 2837 914 4817 6797 140 6045 7335 8269
15 2912 6849 3830 1222 8324 2043 8136 4890 6030 7060 4671 9145 6126 746 1304
15 372 9052 9874 4101 9068 5844 2601 3241 3237 6666 8846 2514 3734 6423 3455
15 7861 8020 5425 8042 403 7068 2769 6863 7974 3361 3209 9007 7615 6853 9796
15 4078 9852 209 3833 2817 7081 6848 3141 8360 7738 5403 7348 8927 5596 7758
15 5324 9137 6003 4587 91 4871 8366 7560 6033 2674 5509 4180 5833 9545 7049
15 3055 2838 9631 1647 8695 3798 3782 4518 7735 2587 4419 4484 9 4790 8377
15 2949 8158 457 2787 3949 7370 7806 9643 7839 63 785 9008 7184 5988 1808
15 5445 1113 2399 1557 9195 1048 8428 8166 8362 6637 7473 2582 3652 2322 1948
15 187 6747 8521 1175 7096 9228 1787 3449 4597 478 8012 3683 1366 1892 8122
15 7928 3257 2973 3615 2119 7532 9368 283 5357 7925 270 480 436 1633 5618
15 8406 627 5285 4957 2802 3946 8807 1047 6754 2868 8781 1801 2843 792 9430
15 5341 7020 502 4141 3215 1896 319 274 4982 7728 9582 2266 7977 8396 7795
16 55 7230 1994 4938 9127 5915 9300 5023 1727 8526 6949 5337 7073 4728 6576 2491
16 7141 9685 7314 152 8116 9248 8134 6165 1050 6299 2650 5788 4861 4785 6559 5144
15 9140 2538 168 2799 5713 7564 6864 9136 5575 870 3301 8114 9661 4927 2786
15 5192 5990 3875 5783 300 2270 2 6146 7723 1237 988 5826 2816 8674 8350
15 7929 8055 5541 9804 4713 4491 2557 2960 5520 4395 9352 9005 7489 1614 2897
15 8731 2714 7580 9002 6989 2220 7525 5016 1945 5947 3048 3626 2195 5476 2163
15 1528 6558 3490 2686 2578 1429 2229 7570 2834 1687 9088 7094 9958 3518 9766
15 3869 5237 7574 9116 8378 4800 1461 5587 4276 8181 5085 6011 6177 5855 8222
15 7429 8376 6265 7034 7171 7207 4499 5565 8817 4222 1766 9521 421 6492 9120
15 1757 9974 3105 8831 9564 6909 2034 6574 1824 5119 981 6933 7951 8001 4568
15 1888 8435 9633 3112 4034 6179 2621 4582 2068 1851 647 5178 8861 1327 4268
15 9216 3990 9926 3036 7777 6344 779 2175 9877 6704 5114 4313 5459 5563 5720
15 5018 5112 4920 1667 7041 8956 5630 518 3397 9959 7981 7158 7126 3860 6350
15 2986 1860 6765 3370 6719 193 8814 433 2684 3670 4943 3745 8647 5179 8265
15 6815 2791 5540 164 6313 4714 65 2861 1469 7868 2258 9689 2157 4310 548
15 585 9452 7572 7190 6380 3909 8926 2729 701 621 6388 7390 4918 4277 6221
16 6228 3311 1221 7232 1494 3609 1960 2633 4198 5655 1405 7308 1971 2113 5591 7375
15 6706 2748 6360 2577 7730 3895 6683 2596 4632 2871 6050 8964 3942 2138 5697
14 5406 789 655 1106 6698 9837 3772 8049 2256 2616 1039 2094 3987 5280
15 583 7451 4246 8368 7043 6882 1176 1345 7098 7299 6095 6828 2353 5798 1247
15 4071 4437 3426 1627 3770 1476 9143 6578 5984 7328 1483 4188 2833 8463 2691
15 4150 7104 4299 6398 2386 6067 8743 4316 250 4738 3348 3002 1704 325 6870
14 9409 2899 4225 3807 3364 9912 4453 5102 7608 6227 8777 3003 4522 9517
15 2247 7512 3073 7668 9265 9526 3436 7024 7598 8966 2168 1662 4702 8311 4292
15 2061 945 7243 4658 5170 3305 4515 6522 1011 2553 8577 869 7563 3480 1137
15 8559 5744 6718 5539 6244 1643 1907 122 5943 7345 4271 4859 3702 8654 8131
15 3281 5060 7666 2333 2076 5323 8097 4789 9350 2303 8255 4161 4993 8939 4955
15 1209 166 3411 3414 8938 286 9838 4809 9456 9055 6934 390 5003 7395 3780
15 84 2006 7430 9018 64 1259 7755 4217 6811 1434 6427 8387 1731 8106 2273
14 2917 3160 9830 611 9138 1197 6743 4845 7958 5680 3206 1482 4996 1001
15 8640 6924 4815 8236 2394 2054 2835 9988 3813 7584 5638 1085 3871 9938 8443
15 9752 5393 1267 9419 3117 5031 4086 7547 9212 9786 2201 1507 927 7138 9532
16 3549 4223 3083 2140 5837 7915 7231 126 9470 7969 6623 3407 6049 5924 4040 9891
15 3607 6150 9382 5352 9846 6962 6963 889 1057 4201 2953 3415 8371 321 4891
15 5304 2106 5282 2651 7746 3851 6866 434 1165 5333 6100 8386 4308 899 7311
15 297 1635 4673 8768 3418 7573 501 3212 3142 2038 9174 9808 7880 7017 8019
15 4637 3459 8207 4585 8737 4293 2479 6974 8390 2832 1162 9875 8943 2200 3631
15 741 2784 9286 3583 6422 9516 2228 8961 8738 868 5707 3698 7350 1573 5286
15 7640 4537 9890 7686 9684 3421 893 9142 5068 7893 426 8046 8717 8690 2508
15 7657 5510 6029 6356 2187 5995 15 8289 7298 7932 3933 9606 3819 7289 1076
15 5598 7553 1640 5756 3290 4677 5473 8025 4621 8461 5328 5251 56 3892 464
15 445 7329 956 6141 3775 189 7384 1471 2793 3198 6084 8286 6685 4752 9336
14 3564 2788 7086 2181 9742 7221 4263 4259 500 878 7644 6889 302 4553
15 9207 5858 2690 5156 5838 9458 9298 7507 1740 9591 3658 8092 7374 1677 9536
15 7561 3170 2495 2382 6213 9632 7865 2437 3982 1505 4175 182 1288 6073 5987
14 9976 1024 2425 9171 930 1692 6290 2956 5522 5936 2647 8949 2821 7459
15 3025 8586 2605 922 1511 3499 4343 5259 2358 4960 848 8716 3318 7526 136
15 6198 8459 1313 9064 6971 6367 9192 4473 5558 2420 4110 3423 973 7831 805
15 5693 2123 615 8791 907 7829 3308 9205 1974 4771 4178 2391 469 9004 8543
15 8395 2963 565 9872 1256 2065 133 663 3878 6841 5145 7676 2423 1202 8700
15 9313 726 2782 7710 560 8506 6868 1638 6940 4478 3485 8635 4077 6760 9993
15 7070 8699 4153 5678 4099 599 6883 1714 7063 1329 9126 804 4189 6364 6294
15 4495 5034 9297 5503 6374 138 3845 9716 5367 6791 7029 3033 8797 948 3097
16 6807 5359 4875 7380 8353 382 9089 8551 3016 7400 8643 9760 7269 3335 5493 9918
15 3371 7357 326 9464 9645 4944 4685 6444 6803 5149 5772 5075 176 5592 3969
15 7956 9996 4703 2409 1369 121 4734 5262 3331 7201 7774 4474 8313 7131 7472
15 2695 9768 4761 208 1583 7143 7178 4459 3777 5261 1404 5162 797 9431 7441
15 5717 7210 9845 4656 5366 1309 4248 9583 2943 9531 6040 2158 8195 3863 8947
15 1040 8629 5777 6615 4400 4498 9983 6858 963 3943 1742 4726 3558 9259 5900
15 6381 8021 5699 4245 4331 1348 5999 3299 195 5110 6592 7083 5599 3984 1156
14 1273 2512 4154 895 3451 9844 2636 4251 4674 2803 7593 6317 8897 1682
15 8708 9544 428 5187 6407 4866 1709 4660 9447 1890 5266 9309 7183 2540 2287
15 3471 9246 8915 8155 3326 5070 1123 3550 1750 6510 1063 1549 8380 31 181
14 6831 1651 3602 9182 4327 2972 7750 276 7616 1249 9217 2521 8580 8120
15 2008 8713 1970 7092 775 716 1980 1154 7418 6869 7828 650 4445 910 1134
15 6412 1194 9640 8955 1613 3314 6619 4692 6332 6337 8365 5354 111 1751 8210
15 1992 8290 4050 4318 1239 2842 5039 9355 5195 7545 4797 3922 2224 6931 8789
15 2941 5746 5120 849 2979 8533 490 3045 7543 7396 5438 479 1049 5874 2441
15 957 902 4285 6705 3482 1338 8027 239 8060 5832 7495 307 4731 5978 2530
15 1515 328 7255 7492 5724 5076 9001 4009 3763 3387 7139 1877 491 2073 1952
15 3239 1489 9869 6903 7256 74 1392 9490 6608 2988 8634 246 1278 7057 5606
15 3253 5487 8588 1797 1487 659 1612 9671 3873 1451 5759 5673 2985 86 9860
14 3743 8449 4349 832 2745 7724 5305 238 3521 3385 7144 3275 6973 3514
15 2356 9595 69 7628 7118 542 4628 5600 9870 8709 3581 8834 9196 1207 7036
14 3090 9463 825 4409 2640 5451 9155 4878 9425 4822 7431 1617 2679 263
15 8329 9087 3200 7922 8806 9729 6696 8108 8258 3788 7639 49 9781 5876 3618
15 4379 6752 3017 2464 4195 9701 7647 1468 7782 7128 9040 5121 3677 393 2597
15 1138 7082 3816 2927 993 7339 6519 6486 1502 3217 885 1600 9792 1653 9326
15 6952 8979 5090 5054 8523 9077 8450 7326 9162 2010 44 1044 3369 1699 7496
15 4494 3329 439 2952 9570 9370 8963 6459 6859 7923 87 1848 3520 3255 6063
15 9979 2520 802 8187 7745 3862 9362 6542 5258 7945 7970 7696 7842 9311 8685
15 5381 1090 5566 6538 6089 2110 1255 6122 3437 2493 3192 8234 9014 472 8069
14 4882 8848 718 9477 1565 9073 202 4906 7966 2269 9953 5204 9676 9906
15 8675 2436 8146 5656 2355 9720 1800 2396 8439 5111 6144 9415 7008 5775 7219
15 7877 3067 7876 6652 2291 2164 953 4591 5675 2873 4342 5185 8893 9782 4865
14 8292 1530 6200 3879 9263 9438 2319 4460 3908 6500 1153 4408 1966 3595
15 1735 1734 8285 3701 1109 544 9219 3009 6590 4370 8455 9759 107 9577 3346
14 61 9401 3334 169 3062 8664 4893 9224 9218 9059 6428 9257 8232 8185
15 8950 5856 119 4544 2126 1589 2375 1832 5852 6691 3094 3488 653 8384 9770
15 8840 6877 5212 7208 709 4046 1771 1236 6697 8359 9414 1336 1295 5458 1343
15 6649 3384 3108 3038 826 9264 9433 8616 4517 3517 5752 2734 4079 5536 4124
15 3457 6884 5954 7211 4300 1117 8916 916 9866 4425 9590 4780 2321 391 5467
14 1978 8739 9947 671 5344 2846 3925 3962 2687 3834 8479 8398 7151 4803
15 3629 4170 8637 9738 6589 4634 5353 4919 8013 4827 6640 9432 1479 2839 1558
14 8420 7846 8823 9610 1311 6865 3967 279 5966 9855 9905 4519 1408 170
15 6724 5572 1997 6182 4888 1248 4096 9428 8438 8852 8639 4896 3254 7123 3069
15 7957 8323 5887 5917 1182 458 3924 4073 1719 7852 2638 1158 1585 980 7985
15 9581 9851 95 1910 4326 1417 7267 8705 8010 6086 132 3162 8487 8980 2755
15 8728 9691 9769 2999 3098 5219 4690 5364 4681 3383 5013 4908 1092 447 3021
14 6541 3758 1233 6523 2377 4884 6708 4323 7447 1243 3882 1728 9369 4047
14 9411 7891 6012 9710 459 163 695 261 7322 3884 8467 7905 6212 6997
15 768 892 1830 6026 4130 3997 255 3661 9395 4262 1157 162 6693 2554 5731
14 9020 4511 5516 7662 3623 6915 2945 7939 4289 6632 3243 1899 9876 5029
14 5902 2928 3717 3663 9466 5879 2863 6733 2567 1214 5800 1398 1581 59
15 7119 7117 5017 5158 374 8103 5523 4805 9835 9762 6732 6343 6070 7002 1962
14 2429 1852 1959 6196 9101 4784 6605 3399 5793 1807 747 2252 690 1446
15 5868 3424 332 6034 5803 1045 3672 1516 7327 6497 9713 3886 6715 8098 3289
15 6456 6068 3795 5422 9539 7493 6713 2990 8810 7675 9332 4743 6788 759 3380
14 7399 2143 3544 3057 4497 9980 2438 9183 7302 1765 6489 1594 6569 3994
14 489 9306 7446 1884 178 3673 7142 6714 5705 2533 2692 6844 8363 3386
15 7952 8104 4686 4088 9604 1700 2141 3 801 5336 237 5246 4315 4747 1055
15 268 3029 7870 5732 9075 7508 395 6774 3379 3059 1927 562 5845 2880 2208
15 9626 1100 7874 9538 4798 5770 9790 2189 213 7360 9016 6193 8569 2024 5125
16 3442 2711 9104 4035 9234 6156 1681 9879 3707 3296 5084 1881 7044 9239 6136 8942
15 2883 6159 1518 1430 396 8446 3121 1783 7072 1361 7225 3464 6546 6093 7093
15 474 4200 9385 4372 1846 2023 1420 1145 1171 7258 1080 6701 9338 3012 7700
14 8342 6851 6942 5642 5579 2958 7566 3473 6219 9695 4131 2830 7166 6271
14 4214 3138 9487 8112 7595 3691 7620 2947 968 5194 345 1636 4883 3402
14 9084 9191 199 6119 2884 1104 2078 1814 1224 5542 7257 7869 5825 4987
14 2278 5654 435 3054 2753 7415 6138 7217 309 4923 8124 4769 5494 1086
15 610 6786 7567 2060 2505 52 2151 2978 9730 6568 1241 2643 6959 4479 6111
15 8179 2426 839 5601 1101 8691 1328 2950 9969 6310 3803 7888 1544 7586 9290
15 1993 271 6420 982 2385 7764 2309 4978 1163 1375 8405 755 4203 1210 939
14 3692 6740 1908 3789 8243 2766 7065 8143 7449 2761 6341 296 7772 3825
15 734 2293 8410 1977 1862 1820 7266 2116 4360 1151 8408 4616 5964 6616 8054
15 568 3024 8816 6985 9948 9074 3285 1130 4565 6370 1540 2489 1497 4049 4488
15 7799 315 2537 7494 7642 7234 8547 5191 9704 5863 5418 8515 5499 9811 9448
15 6361 4648 6128 9832 8970 6103 9006 1235 8252 4816 5807 145 1809 4951 9673
15 4435 2026 9485 761 4696 9226 5692 6655 3483 743 3716 2046 540 3080 2169
14 622 3572 7554 7246 1523 8316 754 4912 4571 2317 5079 7369 3322 5939
14 5161 1674 2783 5453 6716 1188 2191 1989 1578 2369 1173 5362 4160 2096
14 219 7792 9254 9527 5622 5619 9330 3262 359 6295 6653 349 1812 5011
15 4687 3891 2305 6638 7916 1532 7006 4979 9111 9201 6929 9373 6958 406 5859
14 3030 7428 3585 3453 5951 7592 5768 8750 940 1270 9069 2064 4737 144
14 9187 4233 5829 3051 3203 9328 678 1357 972 337 8723 5894 1488 5435
15 9291 2422 1986 4007 8981 1299 6727 6083 5681 3000 7084 4633 5623 6250 4401
15 2313 9920 7248 2731 2673 5967 9240 1850 4870 7254 642 2301 9552 748 5841
14 554 1689 989 1913 3102 9992 2417 8475 1933 7408 8066 9773 1141 2361
14 4788 400 1240 6601 2045 3584 6730 5167 6055 4182 2987 6606 234 8337
14 3693 9274 498 1245 4756 8109 6920 2719 2030 8744 7544 5044 2221 6439
15 8204 661 3512 4029 9394 4638 1911 6505 125 335 3768 5555 3349 3838 4145
14 6424 5466 47 2741 6587 8746 2808 4032 4026 3726 228 2161 1826 4725
15 580 8566 4558 753 8560 8401 8212 1668 9327 496 4627 5410 3681 7824 4662
14 4098 3976 7312 6526 4664 8033 2089 7757 9616 7517 2083 3868 5434 7527
15 9698 5698 1655 6357 6082 509 4378 809 2294 3956 3954 5399 8282 1306 3617
15 4066 8277 284 2900 7315 4787 2452 2344 8347 5633 1126 7904 4611 2457 8850
14 1866 7677 2440 2323 6222 7900 4682 5778 2282 9468 4129 7136 6621 1006
15 1815 4455 5955 617 1168 1008 9574 5171 5175 5401 3927 834 901 3264 3588
14 6780 5710 9105 3366 6078 9623 3173 453 3336 9982 1798 8501 4723 3724
14 549 3461 5182 4652 1738 8603 7935 5309 6027 7706 8499 3995 6088 8941
15 6900 9320 3632 6216 1644 7726 9785 5097 8821 6980 1928 265 944 8332 3978
14 6160 9412 3066 5069 46 7474 6211 5308 3352 8002 3831 2481 6943 3110
15 7318 864 4720 100 9497 4163 8627 8811 634 7003 725 3287 2579 1089 1150
14 7911 4575 9705 6293 1725 2841 2599 2700 3704 5339 1575 8352 9215 3857
14 9901 2975 6473 5799 3532 3799 3182 3078 875 1196 2120 1903 6635 6458
15 8698 8715 5663 1079 9133 4117 5092 7454 1711 9518 8706 4508 4341 4753 9172
15 4056 1251 8536 8854 7811 6677 3905 1953 8336 5427 6017 410 3792 764 6300
15 5881 1030 5957 6584 2362 7903 8960 2129 5921 2149 9125 8053 4841 9396 1439
14 8520 6168 2497 3732 9132 9881 6375 7353 824 3815 4814 3274 5416 9334
14 5027 9666 9680 9118 9900 2121 7205 4549 3545 5199 5236 9147 8541 7641
15 2327 5500 212 9130 8785 2921 3606 4067 3195 2752 201 3604 2259 6944 954
15 8102 4833 7323 92 4617 1710 4711 4190 7107 4889 6354 3872 7035 1472 3985
14 7229 2915 4207 2180 120 2648 6488 4970 5524 903 9443 5521 5760 295
15 113 4935 9815 6305 8176 4653 6839 2595 8476 8045 5643 4434 6096 4298 3812
14 9670 2335 6327 225 3746 1271 8268 5956 2757 2484 8611 6496 5443 8375
15 3667 6455 2856 5263 4045 4564 5041 4312 8689 2199 3357 8684 8925 1841 224
15 6767 1625 1260 7174 7216 4594 1840 6816 7619 1358 1091 299 4288 1951 7937
15 3410 5189 8254 9681 3970 4062 83 7529 2785 2371 2475 705 1661 2864 3120
14 2531 8426 3605 6969 2924 5569 399 7790 2242 9893 1622 1149 8607 1261
15 6633 2626 6069 241 2360 30 1876 7321 7124 6395 7963 2925 2908 7011 9374
14 394 6735 665 9949 708 897 3948 495 5490 9032 8924 8608 5923 8847
14 7188 6741 8554 9457 3839 2874 4440 260 6001 6878 891 1467 3836 5390
15 8271 3849 8133 2000 6336 5809 3610 7402 8495 917 7775 6390 5404 2289 8921
15 1776 8774 6186 6048 990 3157 5155 9783 8250 8889 6918 1517 5942 587 1574
15 5402 3601 6749 4643 444 2467 4038 22 3577 5795 1070 8626 5659 8884 142
14 2774 5996 6316 5135 3646 9208 2400 2398 2150 9995 4466 7478 2421 5376
14 1724 245 417 4659 6283 6885 9479 8997 8680 8912 8655 5667 2610 9097
14 8213 9985 5240 8555 462 8901 8741 3489 703 5118 3864 4998 1576 8527
15 7849 9602 6842 4139 9481 7817 8261 4407 3353 7306 5989 8145 2606 9721 8556
14 4948 2681 7102 1686 9222 8416 4562 1450 941 8660 1242 9390 6664 4091
15 4586 6304 2992 1902 8652 6460 1448 958 5525 158 1347 593 3671 4695 2564
15 6418 3176 9951 2482 175 1584 1591 5314 4631 4023 7695 7055 6057 4018 7899
14 6843 5089 533 1693 514 2568 2137 9237 8427 3344 1607 1419 8735 590
14 3168 8548 7867 102 6132 9031 4087 386 1885 9096 2002 4994 8091 1082
15 2507 4910 3050 660 3122 1004 4055 4881 7538 2971 3479 9854 2594 9560 1452
15 8509 8203 8766 5228 244 9911 3115 2340 5805 2860 7776 623 2623 2618 4243
14 2828 530 3938 529 9962 890 9023 7610 8676 7443 8256 6700 8879 4013
15 8587 2511 4016 5267 3373 342 4654 512 4831 3711 5231 7038 8152 9635 1300
14 9733 2230 6710 4986 1436 6932 9800 1310 2662 7908 7487 7087 2492 7100
14 1332 7406 6021 7253 4398 2179 93 5274 9853 6646 2795 9434 4393 398
14 6965 5006 5888 3636 4872 5941 2390 3406 2389 8084 466 1893 7112 9354
14 1227 4194 7737 992 9408 3509 6799 1743 5506 781 5276 2098 7718 5644
14 6044 7585 6425 3993 4724 365 4457 1340 5741 8754 236 9280 3781 1887
15 6656 513 3921 751 2260 1166 3753 5862 6187 5277 5940 4413 383 5714 6687
15 6694 8574 7085 531 4552 281 5278 909 2274 2085 6166 5796 9703 6461 8517
14 3697 7319 3565 4021 9027 7407 9407 1926 676 9047 8802 2815 9358 6748
15 19 6804 1550 8504 7808 106 5380 806 4025 569 9271 6005 1238 3113 7223
14 8564 9316 3554 475 4699 5534 1767 7016 735 2890 5037 2103 9589 7307
15 5222 5369 3375 552 4213 7080 9221 1072 7786 9053 6624 2798 2474 5661 8957
15 1794 2742 4807 1685 7448 516 5210 9774 4097 5980 8778 966 8260 3535 3569
15 7293 2957 6409 3477 7301 5105 4264 3963 8003 3806 8677 1675 7672 1093 2544
15 8630 3865 9562 6814 7941 4689 6926 9630 9060 2101 9794 2139 9646 1254 3883
14 6269 8447 2635 1587 1098 2804 2268 6504 3412 8733 7539 7717 9061 3043
14 2603 8462 7172 2059 7344 4937 8692 7076 8161 7845 9339 8089 1602 4273
15 8787 206 8219 7840 6237 4282 8064 8492 6289 6554 3996 5935 504 9214 5937
14 7140 1121 5892 1733 8984 5372 2218 7260 1650 2029 5609 7251 9850 2019
14 1883 5890 9757 6261 2652 2156 4330 1796 1941 9034 36 3576 762 20
15 4536 4794 1580 9135 2395 2040 2345 9780 6347 192 971 8696 9711 4650 3458
14 7709 6296 1843 5428 7010 6905 3463 5986 1449 3087 1506 1938 2823 1083
14 7064 697 6742 7785 1110 9823 4543 6897 1696 5319 5797 7597 729 7983
15 1879 4112 1503 9202 2108 130 6779 9250 1965 3820 6723 6702 9198 9909 7173
14 8783 4109 4410 8367 6491 7920 235 8855 2545 8604 5781 7509 7818 6507
15 1447 6164 448 7209 6784 352 7502 8917 6620 6660 5066 2689 3041 2227 4622
15 6189 6206 4863 330 9655 2875 947 6105 3920 4933 6383 2496 4701 5696 7054
15 4873 6307 6413 3493 4477 1330 9778 6556 851 4837 38 3460 8648 4350 2117
14 3546 608 5620 2781 7907 9849 3877 5093 1621 8280 2746 1403 3641 5629
15 2424 9813 9549 4764 2011 6393 3645 72 4974 6303 9777 9154 8411 7625 1115
13 9820 3104 3058 5036 3165 8494 3282 3979 7721 4381 1216 8452 6750
14 3008 200 2245 1355 2275 7145 4843 2563 8697 2022 2807 2905 4697 8710
14 5227 4164 1386 9037 7633 2374 689 1870 1976 3706 6508 1059 7991 2773
14 9166 6875 601 6927 4227 1292 5133 5512 4732 9437 413 4791 8138 5944
14 2296 6155 6352 4749 3247 2272 6353 812 3897 6781 8364 7739 5232 6479
14 7455 1588 7683 292 8617 9789 692 9902 6174 1401 5927 7617 5150 443
14 3049 4661 4376 1845 6737 3854 6234 1136 6490 9907 9491 7959 8 2922
15 7810 7224 8093 5766 7837 9420 6712 3130 3374 1119 5492 7800 4149 6433 9461
15 5971 5517 5712 146 9177 9611 9994 6552 6738 8172 6194 1219 1129 5046 5776
14 6139 5049 3842 1886 886 2025 8646 2644 521 7596 8036 5806 8043 6586
15 7186 8370 2235 9617 5310 3790 683 2190 1373 1829 4193 7833 9747 8898 6467
14 6502 6004 7000 4171 6163 9584 4486 7999 3332 888 9178 9956 5055 9176
14 7435 3989 6856 5050 7805 8562 575 7708 5128 5736 5423 900 8008 1009
14 6485 8328 9654 3435 5160 6437 4487 9331 4526 6075 7279 8275 7052 5225
15 3333 277 3885 823 2667 8928 5073 7018 2093 9261 5843 1133 4422 9753 5173
14 8086 4635 5307 5593 7422 1822 4535 8887 2701 7378 2070 5388 5547 2499
14 8149 4184 4733 607 294 7949 112 3010 1596 8558 7955 9296 5718 343
14 5343 9556 9795 5751 5100 1470 8649 4663 9755 1107 597 3644 7163 5811
14 1407 2523 1491 4485 3133 536 561 5183 7890 9236 4545 8451 9717 5063
14 8932 1697 4826 572 7169 6345 3339 8361 7797 838 4922 5209 6955 8057
14 8758 965 9450 2613 7629 355 4279 6204 2708 8457 9603 9690 5545 2926
14 6607 6239 6058 3082 5830 7361 3894 9480 2522 9315 9417 5048 1084 526
14 2324 9469 6771 1232 1521 3874 4044 6308 2980 3089 3890 1680 8519 6494
14 8484 6192 782 8937 5014 5901 3201 370 6091 4216 8267 7964 3712 2848
14 1269 7975 4613 2919 7445 9268 6810 385 1017 4783 522 6334 2280 1760
14 1838 874 8419 5584 8869 1791 6085 53 1906 8417 6097 3797 4296 6152
14 5245 9012 4250 7548 5702 5462 3593 3152 7752 8315 7074 937 7518 5253
14 9405 8073 780 6809 1620 5878 6982 3484 577 2824 3273 5224 1703 1418
14 6529 4196 596 8118 4879 3394 7394 2996 3004 3467 2392 4610 1570 9776
14 5727 9282 6764 2434 9964 1752 3079 257 8812 7089 2372 4418 4897 3562
14 6654 9495 8991 2696 3261 8871 3573 3568 814 5363 3944 2307 4357 8636
14 1414 3786 1500 2982 6579 9667 8400 7734 525 1616 123 3128 2456 8171
14 658 6053 9353 9341 546 3498 9378 6975 8584 570 9841 9568 7154 8163
14 9256 4064 9819 4792 9882 6857 9571 3660 4917 8859 79 7851 7214 8301
14 9046 8274 951 986 8694 6808 357 5421 9605 7895 411 1868 6052 1003
15 1637 9627 6818 8795 1081 8500 4394 3011 9181 2028 1360 6401 6074 8327 8874
14 5218 8832 5477 9429 3622 1799 6821 3689 2646 6992 5814 6770 149 160
14 3249 8978 9871 8194 4776 1748 2506 8442 8392 6551 7740 4134 6789 5244
14 1170 7927 8464 5495 821 1598 3992 7177 2688 6690 3226 2888 1191 3929
14 3245 5205 172 3958 1864 8051 1834 3912 8930 721 1127 7606 7001 9281
14 7088 5554 98 7847 2072 5907 3039 5552 6675 3668 4444 9266 9885 9146
14 7687 6756 2934 896 8062 215 639 186 6079 3096 2014 1234 430 9638
15 3276 4665 5511 9981 8151 2174 2526 256 4234 7674 407 9260 2196 6595 6626
14 3918 4867 57 3190 9975 6800 9998 3913 1094 6531 2853 8572 3400 4962
